<?xml version="1.0" encoding="UTF-8"?>
<testsuite xmlns:xsi="http://www.w3.org/2001/XMLSchema-instance" xsi:noNamespaceSchemaLocation="https://maven.apache.org/surefire/maven-surefire-plugin/xsd/surefire-test-report-3.0.xsd" version="3.0" name="TestSuite" time="9.195" tests="1" errors="0" skipped="0" failures="0">
  <properties>
[...]
</properties>
  <testcase name="loginTest" classname="com.OrangeHrm.testCases.TC001_Login_Test" time="2.665">
    <system-out><![CDATA[[TestNGContentHandler] [WARN] It is strongly recommended to add "<!DOCTYPE suite SYSTEM "http://testng.org/testng-1.0.dtd" >" at the top of your file, otherwise TestNG may fail or not work as expected.
[INFO ] 12-04-2021 01:41:12.143  TC001_Login_Test - *******Starting Test Case -TC001_Login_Test***********
[INFO ] 12-04-2021 01:41:13.530  TC001_Login_Test - Orange HRM application is opened
[INFO ] 12-04-2021 01:41:13.559  TC001_Login_Test - ******** Entering Login Details**********
[INFO ] 12-04-2021 01:41:13.614  TC001_Login_Test - Username Entered is Admin
[INFO ] 12-04-2021 01:41:13.672  TC001_Login_Test - Password Entered is admin123
[INFO ] 12-04-2021 01:41:14.726  TC001_Login_Test - **********Login Successful*************
Captured Screen Shot
[INFO ] 12-04-2021 01:41:14.822  TC001_Login_Test - *****Ending Test Case - TC001_Login_Test ********
]]></system-out>
    <system-err><![CDATA[SLF4J: Failed to load class "org.slf4j.impl.StaticLoggerBinder".
SLF4J: Defaulting to no-operation (NOP) logger implementation
SLF4J: See http://www.slf4j.org/codes.html#StaticLoggerBinder for further details.
1618206069108	geckodriver	INFO	Listening on 127.0.0.1:10805
1618206069741	mozrunner::runner	INFO	Running command: "C:\\Program Files\\Mozilla Firefox\\firefox.exe" "--marionette" "-foreground" "-no-remote" "-profile" "C:\\Users\\btssa\\AppData\\Local\\Temp\\rust_mozprofileKpIO9e"
console.warn: SearchSettings: "get: No settings file exists, new profile?" (new Error("", "(unknown module)"))
1618206071660	Marionette	INFO	Listening on port 49606
console.warn: SearchSettings: "get: No settings file exists, new profile?" (new Error("", "(unknown module)"))
1618206071816	Marionette	WARN	TLS certificate errors will be ignored for this session
1618206071825	Marionette	ERROR	[15] No reply from Marionette:Register
Apr 12, 2021 1:41:11 AM org.openqa.selenium.remote.ProtocolHandshake createSession
INFO: Detected dialect: W3C
]]></system-err>
  </testcase>
</testsuite>