<?xml version="1.0" encoding="UTF-8"?>
<testng-results skipped="0" failed="0" ignored="0" total="1" passed="1">
  <reporter-output>
  </reporter-output>
  <suite name="Orange HRM" duration-ms="7730" started-at="2021-04-12T05:41:07Z" finished-at="2021-04-12T05:41:15Z">
    <groups>
    </groups>
    <test name="TC001_Login_Test" duration-ms="7730" started-at="2021-04-12T05:41:07Z" finished-at="2021-04-12T05:41:15Z">
      <class name="com.OrangeHrm.testCases.TC001_Login_Test">
        <test-method status="PASS" signature="setup(java.lang.String)[pri:0, instance:com.OrangeHrm.testCases.TC001_Login_Test@81c175]" name="setup" is-config="true" duration-ms="4159" started-at="2021-04-12T05:41:07Z" finished-at="2021-04-12T05:41:12Z">
          <params>
            <param index="0">
              <value>
                <![CDATA[firefox]]>
              </value>
            </param>
          </params>
          <reporter-output>
          </reporter-output>
        </test-method> <!-- setup -->
        <test-method status="PASS" signature="loginTest()[pri:0, instance:com.OrangeHrm.testCases.TC001_Login_Test@81c175]" name="loginTest" duration-ms="2695" started-at="2021-04-12T05:41:12Z" finished-at="2021-04-12T05:41:14Z">
          <reporter-output>
          </reporter-output>
        </test-method> <!-- loginTest -->
        <test-method status="PASS" signature="teardown()[pri:0, instance:com.OrangeHrm.testCases.TC001_Login_Test@81c175]" name="teardown" is-config="true" duration-ms="781" started-at="2021-04-12T05:41:14Z" finished-at="2021-04-12T05:41:15Z">
          <reporter-output>
          </reporter-output>
        </test-method> <!-- teardown -->
      </class> <!-- com.OrangeHrm.testCases.TC001_Login_Test -->
    </test> <!-- TC001_Login_Test -->
  </suite> <!-- Orange HRM -->
</testng-results>
