<?xml version="1.0" encoding="UTF-8"?>
<testng-results skipped="0" failed="0" ignored="0" total="1" passed="1">
  <reporter-output>
  </reporter-output>
  <suite name="Orange HRM" duration-ms="7133" started-at="2021-04-12T04:03:23Z" finished-at="2021-04-12T04:03:31Z">
    <groups>
    </groups>
    <test name="TC001_Login_Test" duration-ms="7133" started-at="2021-04-12T04:03:23Z" finished-at="2021-04-12T04:03:31Z">
      <class name="com.OrangeHrm.testCases.TC001_Login_Test">
        <test-method status="PASS" signature="setup(java.lang.String)[pri:0, instance:com.OrangeHrm.testCases.TC001_Login_Test@1f02ef2]" name="setup" is-config="true" duration-ms="3919" started-at="2021-04-12T04:03:24Z" finished-at="2021-04-12T04:03:27Z">
          <params>
            <param index="0">
              <value>
                <![CDATA[firefox]]>
              </value>
            </param>
          </params>
          <reporter-output>
          </reporter-output>
        </test-method> <!-- setup -->
        <test-method status="PASS" signature="loginTest()[pri:0, instance:com.OrangeHrm.testCases.TC001_Login_Test@1f02ef2]" name="loginTest" duration-ms="2357" started-at="2021-04-12T04:03:27Z" finished-at="2021-04-12T04:03:30Z">
          <reporter-output>
          </reporter-output>
        </test-method> <!-- loginTest -->
        <test-method status="PASS" signature="teardown()[pri:0, instance:com.OrangeHrm.testCases.TC001_Login_Test@1f02ef2]" name="teardown" is-config="true" duration-ms="758" started-at="2021-04-12T04:03:30Z" finished-at="2021-04-12T04:03:31Z">
          <reporter-output>
          </reporter-output>
        </test-method> <!-- teardown -->
      </class> <!-- com.OrangeHrm.testCases.TC001_Login_Test -->
    </test> <!-- TC001_Login_Test -->
  </suite> <!-- Orange HRM -->
</testng-results>
